# JRE version: OpenJDK Runtime Environment (11.0.5+10) (build 11.0.5+10-b520.17)
# Java VM: OpenJDK 64-Bit Server VM (11.0.5+10-b520.17, mixed mode, tiered, compressed oops, concurrent mark sweep gc, linux-amd64)
Heap:
 par new generation   total 39296K, used 23978K [0x00000000d1200000, 0x00000000d3ca0000, 0x00000000db860000)
  eden space 34944K,  66% used [0x00000000d1200000, 0x00000000d2894990, 0x00000000d3420000)
  from space 4352K,  19% used [0x00000000d3860000, 0x00000000d3936208, 0x00000000d3ca0000)
  to   space 4352K,   0% used [0x00000000d3420000, 0x00000000d3420000, 0x00000000d3860000)
 concurrent mark-sweep generation total 478340K, used 437127K [0x00000000db860000, 0x00000000f8b81000, 0x0000000100000000)
 Metaspace       used 209855K, capacity 216387K, committed 216592K, reserved 1241088K
  class space    used 23238K, capacity 25816K, committed 25900K, reserved 1048576K
GC Heap History (20 events):
Event: 97475.604 GC heap before
{Heap before GC invocations=3285 (full 24):
 par new generation   total 39296K, used 36542K [0x00000000d1200000, 0x00000000d3ca0000, 0x00000000db860000)
  eden space 34944K, 100% used [0x00000000d1200000, 0x00000000d3420000, 0x00000000d3420000)
  from space 4352K,  36% used [0x00000000d3860000, 0x00000000d39efb58, 0x00000000d3ca0000)
  to   space 4352K,   0% used [0x00000000d3420000, 0x00000000d3420000, 0x00000000d3860000)
 concurrent mark-sweep generation total 478340K, used 436493K [0x00000000db860000, 0x00000000f8b81000, 0x0000000100000000)
 Metaspace       used 209746K, capacity 216284K, committed 216592K, reserved 1241088K
  class space    used 23224K, capacity 25805K, committed 25900K, reserved 1048576K
}
Event: 97475.607 GC heap after
{Heap after GC invocations=3286 (full 24):
 par new generation   total 39296K, used 1726K [0x00000000d1200000, 0x00000000d3ca0000, 0x00000000db860000)
  eden space 34944K,   0% used [0x00000000d1200000, 0x00000000d1200000, 0x00000000d3420000)
  from space 4352K,  39% used [0x00000000d3420000, 0x00000000d35cf908, 0x00000000d3860000)
  to   space 4352K,   0% used [0x00000000d3860000, 0x00000000d3860000, 0x00000000d3ca0000)
 concurrent mark-sweep generation total 478340K, used 436493K [0x00000000db860000, 0x00000000f8b81000, 0x0000000100000000)
 Metaspace       used 209746K, capacity 216284K, committed 216592K, reserved 1241088K
  class space    used 23224K, capacity 25805K, committed 25900K, reserved 1048576K
}
Event: 97475.870 GC heap before
{Heap before GC invocations=3286 (full 24):
 par new generation   total 39296K, used 36670K [0x00000000d1200000, 0x00000000d3ca0000, 0x00000000db860000)
  eden space 34944K, 100% used [0x00000000d1200000, 0x00000000d3420000, 0x00000000d3420000)
  from space 4352K,  39% used [0x00000000d3420000, 0x00000000d35cf908, 0x00000000d3860000)
  to   space 4352K,   0% used [0x00000000d3860000, 0x00000000d3860000, 0x00000000d3ca0000)
 concurrent mark-sweep generation total 478340K, used 436493K [0x00000000db860000, 0x00000000f8b81000, 0x0000000100000000)
 Metaspace       used 209746K, capacity 216284K, committed 216592K, reserved 1241088K
  class space    used 23224K, capacity 25805K, committed 25900K, reserved 1048576K
}
Event: 97475.874 GC heap after
{Heap after GC invocations=3287 (full 24):
 par new generation   total 39296K, used 1722K [0x00000000d1200000, 0x00000000d3ca0000, 0x00000000db860000)
  eden space 34944K,   0% used [0x00000000d1200000, 0x00000000d1200000, 0x00000000d3420000)
  from space 4352K,  39% used [0x00000000d3860000, 0x00000000d3a0ea88, 0x00000000d3ca0000)
  to   space 4352K,   0% used [0x00000000d3420000, 0x00000000d3420000, 0x00000000d3860000)
 concurrent mark-sweep generation total 478340K, used 436493K [0x00000000db860000, 0x00000000f8b81000, 0x0000000100000000)
 Metaspace       used 209746K, capacity 216284K, committed 216592K, reserved 1241088K
  class space    used 23224K, capacity 25805K, committed 25900K, reserved 1048576K
}
Event: 97596.585 GC heap before
{Heap before GC invocations=3287 (full 24):
 par new generation   total 39296K, used 36666K [0x00000000d1200000, 0x00000000d3ca0000, 0x00000000db860000)
  eden space 34944K, 100% used [0x00000000d1200000, 0x00000000d3420000, 0x00000000d3420000)
  from space 4352K,  39% used [0x00000000d3860000, 0x00000000d3a0ea88, 0x00000000d3ca0000)
  to   space 4352K,   0% used [0x00000000d3420000, 0x00000000d3420000, 0x00000000d3860000)
 concurrent mark-sweep generation total 478340K, used 436493K [0x00000000db860000, 0x00000000f8b81000, 0x0000000100000000)
 Metaspace       used 209746K, capacity 216284K, committed 216592K, reserved 1241088K
  class space    used 23224K, capacity 25805K, committed 25900K, reserved 1048576K
}
Event: 97596.589 GC heap after
{Heap after GC invocations=3288 (full 24):
 par new generation   total 39296K, used 1502K [0x00000000d1200000, 0x00000000d3ca0000, 0x00000000db860000)
  eden space 34944K,   0% used [0x00000000d1200000, 0x00000000d1200000, 0x00000000d3420000)
  from space 4352K,  34% used [0x00000000d3420000, 0x00000000d3597bf0, 0x00000000d3860000)
  to   space 4352K,   0% used [0x00000000d3860000, 0x00000000d3860000, 0x00000000d3ca0000)
 concurrent mark-sweep generation total 478340K, used 436493K [0x00000000db860000, 0x00000000f8b81000, 0x0000000100000000)
 Metaspace       used 209746K, capacity 216284K, committed 216592K, reserved 1241088K
  class space    used 23224K, capacity 25805K, committed 25900K, reserved 1048576K
}
Event: 97655.876 GC heap before
{Heap before GC invocations=3288 (full 24):
 par new generation   total 39296K, used 36446K [0x00000000d1200000, 0x00000000d3ca0000, 0x00000000db860000)
  eden space 34944K, 100% used [0x00000000d1200000, 0x00000000d3420000, 0x00000000d3420000)
  from space 4352K,  34% used [0x00000000d3420000, 0x00000000d3597bf0, 0x00000000d3860000)
  to   space 4352K,   0% used [0x00000000d3860000, 0x00000000d3860000, 0x00000000d3ca0000)
 concurrent mark-sweep generation total 478340K, used 436493K [0x00000000db860000, 0x00000000f8b81000, 0x0000000100000000)
 Metaspace       used 209746K, capacity 216284K, committed 216592K, reserved 1241088K
  class space    used 23224K, capacity 25805K, committed 25900K, reserved 1048576K
}
Event: 97655.880 GC heap after
{Heap after GC invocations=3289 (full 24):
 par new generation   total 39296K, used 1254K [0x00000000d1200000, 0x00000000d3ca0000, 0x00000000db860000)
  eden space 34944K,   0% used [0x00000000d1200000, 0x00000000d1200000, 0x00000000d3420000)
  from space 4352K,  28% used [0x00000000d3860000, 0x00000000d3999ac0, 0x00000000d3ca0000)
  to   space 4352K,   0% used [0x00000000d3420000, 0x00000000d3420000, 0x00000000d3860000)
 concurrent mark-sweep generation total 478340K, used 436493K [0x00000000db860000, 0x00000000f8b81000, 0x0000000100000000)
 Metaspace       used 209746K, capacity 216284K, committed 216592K, reserved 1241088K
  class space    used 23224K, capacity 25805K, committed 25900K, reserved 1048576K
}
Event: 97690.245 GC heap before
{Heap before GC invocations=3289 (full 24):
 par new generation   total 39296K, used 36198K [0x00000000d1200000, 0x00000000d3ca0000, 0x00000000db860000)
  eden space 34944K, 100% used [0x00000000d1200000, 0x00000000d3420000, 0x00000000d3420000)
  from space 4352K,  28% used [0x00000000d3860000, 0x00000000d3999ac0, 0x00000000d3ca0000)
  to   space 4352K,   0% used [0x00000000d3420000, 0x00000000d3420000, 0x00000000d3860000)
 concurrent mark-sweep generation total 478340K, used 436493K [0x00000000db860000, 0x00000000f8b81000, 0x0000000100000000)
 Metaspace       used 209750K, capacity 216290K, committed 216592K, reserved 1241088K
  class space    used 23225K, capacity 25806K, committed 25900K, reserved 1048576K
}
Event: 97690.251 GC heap after
{Heap after GC invocations=3290 (full 24):
 par new generation   total 39296K, used 917K [0x00000000d1200000, 0x00000000d3ca0000, 0x00000000db860000)
  eden space 34944K,   0% used [0x00000000d1200000, 0x00000000d1200000, 0x00000000d3420000)
  from space 4352K,  21% used [0x00000000d3420000, 0x00000000d3505400, 0x00000000d3860000)
  to   space 4352K,   0% used [0x00000000d3860000, 0x00000000d3860000, 0x00000000d3ca0000)
 concurrent mark-sweep generation total 478340K, used 436585K [0x00000000db860000, 0x00000000f8b81000, 0x0000000100000000)
 Metaspace       used 209750K, capacity 216290K, committed 216592K, reserved 1241088K
  class space    used 23225K, capacity 25806K, committed 25900K, reserved 1048576K
}
Event: 97727.259 GC heap before
{Heap before GC invocations=3290 (full 24):
 par new generation   total 39296K, used 35861K [0x00000000d1200000, 0x00000000d3ca0000, 0x00000000db860000)
  eden space 34944K, 100% used [0x00000000d1200000, 0x00000000d3420000, 0x00000000d3420000)
  from space 4352K,  21% used [0x00000000d3420000, 0x00000000d3505400, 0x00000000d3860000)
  to   space 4352K,   0% used [0x00000000d3860000, 0x00000000d3860000, 0x00000000d3ca0000)
 concurrent mark-sweep generation total 478340K, used 436585K [0x00000000db860000, 0x00000000f8b81000, 0x0000000100000000)
 Metaspace       used 209750K, capacity 216290K, committed 216592K, reserved 1241088K
  class space    used 23225K, capacity 25806K, committed 25900K, reserved 1048576K
}
Event: 97727.264 GC heap after
{Heap after GC invocations=3291 (full 24):
 par new generation   total 39296K, used 612K [0x00000000d1200000, 0x00000000d3ca0000, 0x00000000db860000)
  eden space 34944K,   0% used [0x00000000d1200000, 0x00000000d1200000, 0x00000000d3420000)
  from space 4352K,  14% used [0x00000000d3860000, 0x00000000d38f93b0, 0x00000000d3ca0000)
  to   space 4352K,   0% used [0x00000000d3420000, 0x00000000d3420000, 0x00000000d3860000)
 concurrent mark-sweep generation total 478340K, used 436788K [0x00000000db860000, 0x00000000f8b81000, 0x0000000100000000)
 Metaspace       used 209750K, capacity 216290K, committed 216592K, reserved 1241088K
  class space    used 23225K, capacity 25806K, committed 25900K, reserved 1048576K
}
Event: 97755.504 GC heap before
{Heap before GC invocations=3291 (full 24):
 par new generation   total 39296K, used 35556K [0x00000000d1200000, 0x00000000d3ca0000, 0x00000000db860000)
  eden space 34944K, 100% used [0x00000000d1200000, 0x00000000d3420000, 0x00000000d3420000)
  from space 4352K,  14% used [0x00000000d3860000, 0x00000000d38f93b0, 0x00000000d3ca0000)
  to   space 4352K,   0% used [0x00000000d3420000, 0x00000000d3420000, 0x00000000d3860000)
 concurrent mark-sweep generation total 478340K, used 436788K [0x00000000db860000, 0x00000000f8b81000, 0x0000000100000000)
 Metaspace       used 209751K, capacity 216290K, committed 216592K, reserved 1241088K
  class space    used 23225K, capacity 25806K, committed 25900K, reserved 1048576K
}
Event: 97755.508 GC heap after
{Heap after GC invocations=3292 (full 24):
 par new generation   total 39296K, used 497K [0x00000000d1200000, 0x00000000d3ca0000, 0x00000000db860000)
  eden space 34944K,   0% used [0x00000000d1200000, 0x00000000d1200000, 0x00000000d3420000)
  from space 4352K,  11% used [0x00000000d3420000, 0x00000000d349c5a0, 0x00000000d3860000)
  to   space 4352K,   0% used [0x00000000d3860000, 0x00000000d3860000, 0x00000000d3ca0000)
 concurrent mark-sweep generation total 478340K, used 436894K [0x00000000db860000, 0x00000000f8b81000, 0x0000000100000000)
 Metaspace       used 209751K, capacity 216290K, committed 216592K, reserved 1241088K
  class space    used 23225K, capacity 25806K, committed 25900K, reserved 1048576K
}
Event: 97801.069 GC heap before
{Heap before GC invocations=3292 (full 24):
 par new generation   total 39296K, used 35441K [0x00000000d1200000, 0x00000000d3ca0000, 0x00000000db860000)
  eden space 34944K, 100% used [0x00000000d1200000, 0x00000000d3420000, 0x00000000d3420000)
  from space 4352K,  11% used [0x00000000d3420000, 0x00000000d349c5a0, 0x00000000d3860000)
  to   space 4352K,   0% used [0x00000000d3860000, 0x00000000d3860000, 0x00000000d3ca0000)
 concurrent mark-sweep generation total 478340K, used 436894K [0x00000000db860000, 0x00000000f8b81000, 0x0000000100000000)
 Metaspace       used 209751K, capacity 216290K, committed 216592K, reserved 1241088K
  class space    used 23225K, capacity 25806K, committed 25900K, reserved 1048576K
}
Event: 97801.073 GC heap after
{Heap after GC invocations=3293 (full 24):
 par new generation   total 39296K, used 654K [0x00000000d1200000, 0x00000000d3ca0000, 0x00000000db860000)
  eden space 34944K,   0% used [0x00000000d1200000, 0x00000000d1200000, 0x00000000d3420000)
  from space 4352K,  15% used [0x00000000d3860000, 0x00000000d3903b00, 0x00000000d3ca0000)
  to   space 4352K,   0% used [0x00000000d3420000, 0x00000000d3420000, 0x00000000d3860000)
 concurrent mark-sweep generation total 478340K, used 436894K [0x00000000db860000, 0x00000000f8b81000, 0x0000000100000000)
 Metaspace       used 209751K, capacity 216290K, committed 216592K, reserved 1241088K
  class space    used 23225K, capacity 25806K, committed 25900K, reserved 1048576K
}
Event: 97837.326 GC heap before
{Heap before GC invocations=3293 (full 24):
 par new generation   total 39296K, used 35598K [0x00000000d1200000, 0x00000000d3ca0000, 0x00000000db860000)
  eden space 34944K, 100% used [0x00000000d1200000, 0x00000000d3420000, 0x00000000d3420000)
  from space 4352K,  15% used [0x00000000d3860000, 0x00000000d3903b00, 0x00000000d3ca0000)
  to   space 4352K,   0% used [0x00000000d3420000, 0x00000000d3420000, 0x00000000d3860000)
 concurrent mark-sweep generation total 478340K, used 436894K [0x00000000db860000, 0x00000000f8b81000, 0x0000000100000000)
 Metaspace       used 209751K, capacity 216290K, committed 216592K, reserved 1241088K
  class space    used 23225K, capacity 25806K, committed 25900K, reserved 1048576K
}
Event: 97837.331 GC heap after
{Heap after GC invocations=3294 (full 24):
 par new generation   total 39296K, used 726K [0x00000000d1200000, 0x00000000d3ca0000, 0x00000000db860000)
  eden space 34944K,   0% used [0x00000000d1200000, 0x00000000d1200000, 0x00000000d3420000)
  from space 4352K,  16% used [0x00000000d3420000, 0x00000000d34d5bb8, 0x00000000d3860000)
  to   space 4352K,   0% used [0x00000000d3860000, 0x00000000d3860000, 0x00000000d3ca0000)
 concurrent mark-sweep generation total 478340K, used 436948K [0x00000000db860000, 0x00000000f8b81000, 0x0000000100000000)
 Metaspace       used 209751K, capacity 216290K, committed 216592K, reserved 1241088K
  class space    used 23225K, capacity 25806K, committed 25900K, reserved 1048576K
}
Event: 97848.991 GC heap before
{Heap before GC invocations=3294 (full 24):
 par new generation   total 39296K, used 35668K [0x00000000d1200000, 0x00000000d3ca0000, 0x00000000db860000)
  eden space 34944K,  99% used [0x00000000d1200000, 0x00000000d341f830, 0x00000000d3420000)
  from space 4352K,  16% used [0x00000000d3420000, 0x00000000d34d5bb8, 0x00000000d3860000)
  to   space 4352K,   0% used [0x00000000d3860000, 0x00000000d3860000, 0x00000000d3ca0000)
 concurrent mark-sweep generation total 478340K, used 436948K [0x00000000db860000, 0x00000000f8b81000, 0x0000000100000000)
 Metaspace       used 209751K, capacity 216290K, committed 216592K, reserved 1241088K
  class space    used 23225K, capacity 25806K, committed 25900K, reserved 1048576K
}
Event: 97848.997 GC heap after
{Heap after GC invocations=3295 (full 24):
 par new generation   total 39296K, used 856K [0x00000000d1200000, 0x00000000d3ca0000, 0x00000000db860000)
  eden space 34944K,   0% used [0x00000000d1200000, 0x00000000d1200000, 0x00000000d3420000)
  from space 4352K,  19% used [0x00000000d3860000, 0x00000000d3936208, 0x00000000d3ca0000)
  to   space 4352K,   0% used [0x00000000d3420000, 0x00000000d3420000, 0x00000000d3860000)
 concurrent mark-sweep generation total 478340K, used 437127K [0x00000000db860000, 0x00000000f8b81000, 0x0000000100000000)
 Metaspace       used 209751K, capacity 216290K, committed 216592K, reserved 1241088K
  class space    used 23225K, capacity 25806K, committed 25900K, reserved 1048576K
}

